Arguments: 
  /home/thinh/.nvm/versions/node/v14.17.3/bin/node /home/thinh/.nvm/versions/node/v14.17.3/bin/yarn

PATH: 
  /home/thinh/.nvm/versions/node/v14.17.3/bin:/home/thinh/.cargo/bin:/home/thinh/.local/bin:/usr/local/sbin:/usr/local/bin:/usr/sbin:/usr/bin:/sbin:/bin:/usr/games:/usr/local/games:/snap/bin:/usr/local/go/bin:/usr/local/go/bin:/home/thinh/go/bin

Yarn version: 
  1.22.17

Node version: 
  14.17.3

Platform: 
  linux x64

Trace: 
  Error: EACCES: permission denied, mkdir '/home/thinh/project/test_trello/node_modules/abab'

npm manifest: 
  {
    "name": "test_trello",
    "version": "1.0.0",
    "description": "",
    "main": "index.js",
    "scripts": {
      "start": "ts-node-dev src/index.ts",
      "test": "jest --watchAll --no-cache"
    },
    "jest": {
      "preset": "ts-jest",
      "testEnvironment": "node",
      "setupFilesAfterEnv": [
        "./src/test/setup.ts"
      ]
    },
    "author": "",
    "license": "ISC",
    "devDependencies": {
      "@types/jest": "^27.4.0",
      "@types/node": "^17.0.18",
      "@types/supertest": "^2.0.11",
      "jest": "^27.5.1",
      "mongodb-memory-server": "^8.3.0",
      "ts-node-dev": "^1.1.8",
      "typescript": "^4.5.5"
    },
    "dependencies": {
      "@typegoose/typegoose": "^9.6.2",
      "@types/express": "^4.17.13",
      "@types/express-session": "^1.17.4",
      "ajv": "^8.10.0",
      "argon2": "^0.28.4",
      "dotenv": "^16.0.0",
      "express": "^4.17.3",
      "express-async-handler": "^1.2.0",
      "express-session": "^1.17.2",
      "mongoose": "^6.2.2",
      "supertest": "^6.2.2",
      "ts-jest": "^27.1.3",
      "typegoose": "^5.9.1"
    }
  }

yarn manifest: 
  No manifest

Lockfile: 
  No lockfile
